<?xml version="1.0" encoding="UTF-8"?>
<!-- Generated by org.testng.reporters.JUnitXMLReporter -->
<testsuite hostname="DALMACC02LW1JVFD58-2.local" name="Command line test" tests="16" failures="0" timestamp="28 Oct 2016 05:05:07 GMT" time="0.026" errors="0">
  <testcase name="testRemoveCaseSensivity" time="0.009" classname="com.anuradha.stringProblem.stringRemoveTest"/>
  <testcase name="testRemoveMultipleOccurencesFromString" time="0.0" classname="com.anuradha.stringProblem.stringRemoveTest"/>
  <testcase name="testRemoveMultipleWhiteSpaces" time="0.0" classname="com.anuradha.stringProblem.stringRemoveTest"/>
  <testcase name="testRemoveNotMatchingCharacter" time="0.0" classname="com.anuradha.stringProblem.stringRemoveTest"/>
  <testcase name="testRemoveNumber" time="0.0" classname="com.anuradha.stringProblem.stringRemoveTest"/>
  <testcase name="testRemoveSpecialCharacter" time="0.0" classname="com.anuradha.stringProblem.stringRemoveTest"/>
  <testcase name="testRemoveWhiteSpace" time="0.0" classname="com.anuradha.stringProblem.stringRemoveTest"/>
  <testcase name="testsingleFromString" time="0.0" classname="com.anuradha.stringProblem.stringRemoveTest"/>
  <testcase name="testRemoveCaseSensivity" time="0.001" classname="com.anuradha.stringProblem.stringRemoveUsingReplaceTest"/>
  <testcase name="testRemoveMultipleOccurencesFromString" time="0.0" classname="com.anuradha.stringProblem.stringRemoveUsingReplaceTest"/>
  <testcase name="testRemoveMultipleWhiteSpaces" time="0.0" classname="com.anuradha.stringProblem.stringRemoveUsingReplaceTest"/>
  <testcase name="testRemoveNotMatchingCharacter" time="0.001" classname="com.anuradha.stringProblem.stringRemoveUsingReplaceTest"/>
  <testcase name="testRemoveNumber" time="0.0" classname="com.anuradha.stringProblem.stringRemoveUsingReplaceTest"/>
  <testcase name="testRemoveSpecialCharacter" time="0.001" classname="com.anuradha.stringProblem.stringRemoveUsingReplaceTest"/>
  <testcase name="testRemoveWhiteSpace" time="0.0" classname="com.anuradha.stringProblem.stringRemoveUsingReplaceTest"/>
  <testcase name="testsingleFromString" time="0.0" classname="com.anuradha.stringProblem.stringRemoveUsingReplaceTest"/>
</testsuite> <!-- Command line test -->
